[raw] writing data/raw_full_20250826_104608/slimorca_raw.jsonl
[raw:Open-Orca/SlimOrca] materialized 500 rows...
[raw:Open-Orca/SlimOrca] materialized 1000 rows...
[raw:Open-Orca/SlimOrca] materialized 1500 rows...
[raw:Open-Orca/SlimOrca] materialized 2000 rows...
[raw:Open-Orca/SlimOrca] materialized 2500 rows...
[raw:Open-Orca/SlimOrca] materialized 3000 rows...
[raw:Open-Orca/SlimOrca] materialized 3500 rows...
[raw:Open-Orca/SlimOrca] materialized 4000 rows...
[raw:Open-Orca/SlimOrca] materialized 4500 rows...
[raw:Open-Orca/SlimOrca] materialized 5000 rows...
[raw:Open-Orca/SlimOrca] materialized 5500 rows...
[raw:Open-Orca/SlimOrca] materialized 6000 rows...
[raw:Open-Orca/SlimOrca] materialized 6500 rows...
[raw:Open-Orca/SlimOrca] materialized 7000 rows...
[raw:Open-Orca/SlimOrca] materialized 7500 rows...
[raw:Open-Orca/SlimOrca] materialized 8000 rows...
[raw:Open-Orca/SlimOrca] materialized 8500 rows...
[raw:Open-Orca/SlimOrca] materialized 9000 rows...
[raw:Open-Orca/SlimOrca] materialized 9500 rows...
[raw:Open-Orca/SlimOrca] materialized 10000 rows...
[raw:Open-Orca/SlimOrca] materialized 10500 rows...
[raw:Open-Orca/SlimOrca] materialized 11000 rows...
[raw:Open-Orca/SlimOrca] materialized 11500 rows...
[raw:Open-Orca/SlimOrca] materialized 12000 rows...
[raw:Open-Orca/SlimOrca] materialized 12500 rows...
[raw:Open-Orca/SlimOrca] materialized 13000 rows...
[raw:Open-Orca/SlimOrca] materialized 13500 rows...
[raw:Open-Orca/SlimOrca] materialized 14000 rows...
[raw:Open-Orca/SlimOrca] materialized 14500 rows...
[raw:Open-Orca/SlimOrca] materialized 15000 rows...
[raw] wrote 15000 rows to data/raw_full_20250826_104608/slimorca_raw.jsonl
[curate] sampling SlimOrca...
[raw] writing data/raw_full_20250826_104608/openhermes_raw.jsonl
[raw:teknium/OpenHermes-2.5] materialized 500 rows...
[raw:teknium/OpenHermes-2.5] materialized 1000 rows...
[raw:teknium/OpenHermes-2.5] materialized 1500 rows...
[raw:teknium/OpenHermes-2.5] materialized 2000 rows...
[raw:teknium/OpenHermes-2.5] materialized 2500 rows...
[raw:teknium/OpenHermes-2.5] materialized 3000 rows...
[raw:teknium/OpenHermes-2.5] materialized 3500 rows...
[raw:teknium/OpenHermes-2.5] materialized 4000 rows...
[raw:teknium/OpenHermes-2.5] materialized 4500 rows...
[raw:teknium/OpenHermes-2.5] materialized 5000 rows...
[raw:teknium/OpenHermes-2.5] materialized 5500 rows...
[raw:teknium/OpenHermes-2.5] materialized 6000 rows...
[raw] wrote 6000 rows to data/raw_full_20250826_104608/openhermes_raw.jsonl
[curate] sampling OpenHermes-2.5...
[quota] multi-step ratio 18.17% below target 30.00%; consider relaxing filters or increasing sample size.
[done]
{
  "config": {
    "slimorca_target": 5000,
    "openhermes_target": 2000,
    "max_total_tokens": 2048,
    "min_output_tokens": 32,
    "ratio_bounds": [
      0.5,
      8.0
    ],
    "entropy_min": 3.0,
    "multi_step_quota": 0.3
  },
  "counts": {
    "slimorca_kept": 5000,
    "openhermes_kept": 2000,
    "combined": 7000
  },
  "multi_step": {
    "combined_ratio": 0.18171428571428572
  },
  "token_stats": {
    "median_total": 244.0,
    "p90_total": 521.0
  },
  "filter_stats": {
    "slimorca": {
      "total_seen": 10584,
      "kept": 5000,
      "dropped_entropy": 0,
      "dropped_ratio": 2423,
      "dropped_len": 2953,
      "dropped_lang": 108,
      "dropped_repetition": 18,
      "dropped_style": 0,
      "dropped_other": 0,
      "dropped_simhash": 82
    },
    "openhermes": {
      "total_seen": 4446,
      "kept": 2000,
      "dropped_entropy": 0,
      "dropped_ratio": 1546,
      "dropped_len": 840,
      "dropped_lang": 8,
      "dropped_repetition": 42,
      "dropped_style": 0,
      "dropped_other": 0,
      "dropped_simhash": 10
    }
  },
  "timestamp": "2025-08-26T14:46:22Z"
}
